<?xml version="1.0" encoding="UTF-8"?>
<testng-results ignored="0" total="1" passed="1" failed="0" skipped="0">
  <reporter-output>
  </reporter-output>
  <suite started-at="2025-10-27T12:34:37 IST" name="Default suite" finished-at="2025-10-27T12:34:46 IST" duration-ms="8927">
    <groups>
    </groups>
    <test started-at="2025-10-27T12:34:37 IST" name="Default test" finished-at="2025-10-27T12:34:46 IST" duration-ms="8927">
      <class name="Seleniuumwebdriver.Seleniuumwebdriver1.testlaunch">
        <test-method signature="verifyLaunch()[pri:0, instance:Seleniuumwebdriver.Seleniuumwebdriver1.testlaunch@31304f14]" started-at="2025-10-27T12:34:37 IST" name="verifyLaunch" finished-at="2025-10-27T12:34:46 IST" duration-ms="8855" status="PASS">
          <reporter-output>
          </reporter-output>
        </test-method> <!-- verifyLaunch -->
      </class> <!-- Seleniuumwebdriver.Seleniuumwebdriver1.testlaunch -->
    </test> <!-- Default test -->
  </suite> <!-- Default suite -->
</testng-results>
